app/build/intermediates/manifest_merge_blame_file/debug/manifest-merger-blame-debug-report.txt
1<?xml version="1.0" encoding="utf-8"?>
2<manifest xmlns:android="http://schemas.android.com/apk/res/android"
3    package="com.example.devops"
4    android:versionCode="1"
5    android:versionName="1.0" >
6
7    <uses-sdk
8        android:minSdkVersion="24"
8-->src\main\AndroidManifest.xml
9        android:targetSdkVersion="30" />
9-->src\main\AndroidManifest.xml
10
11    <uses-permission android:name="android.permission.INTERNET" />
11-->src\main\AndroidManifest.xml:4:5-67
11-->src\main\AndroidManifest.xml:4:22-64
12    <uses-permission android:name="android.permission.ACCESS_NETWORK_STATE" />
12-->src\main\AndroidManifest.xml:5:5-78
12-->src\main\AndroidManifest.xml:5:22-76
13
14    <queries>
14-->[com.auth0.android:auth0:2.6.0] AndroidManifest.xml:14:5-22:15
15        <intent>
15-->[com.auth0.android:auth0:2.6.0] AndroidManifest.xml:15:9-21:18
16            <action android:name="android.intent.action.VIEW" />
16-->[com.auth0.android:auth0:2.6.0] AndroidManifest.xml:16:13-65
16-->[com.auth0.android:auth0:2.6.0] AndroidManifest.xml:16:21-62
17
18            <category android:name="android.intent.category.BROWSABLE" />
18-->[com.auth0.android:auth0:2.6.0] AndroidManifest.xml:18:13-74
18-->[com.auth0.android:auth0:2.6.0] AndroidManifest.xml:18:23-71
19
20            <data android:scheme="https" />
20-->[com.auth0.android:auth0:2.6.0] AndroidManifest.xml:20:13-44
20-->[com.auth0.android:auth0:2.6.0] AndroidManifest.xml:20:19-41
21        </intent>
22    </queries>
23
24    <application
24-->src\main\AndroidManifest.xml:6:5-27:19
25        android:allowBackup="true"
25-->src\main\AndroidManifest.xml:7:9-35
26        android:appComponentFactory="androidx.core.app.CoreComponentFactory"
26-->[androidx.core:core:1.6.0] AndroidManifest.xml:24:18-86
27        android:debuggable="true"
28        android:extractNativeLibs="false"
29        android:icon="@mipmap/ic_launcher"
29-->src\main\AndroidManifest.xml:8:9-43
30        android:label="@string/app_name"
30-->src\main\AndroidManifest.xml:9:9-41
31        android:roundIcon="@mipmap/ic_launcher_round"
31-->src\main\AndroidManifest.xml:10:9-54
32        android:supportsRtl="true"
32-->src\main\AndroidManifest.xml:11:9-35
33        android:testOnly="true"
34        android:theme="@style/Theme.DevOps"
34-->src\main\AndroidManifest.xml:12:9-44
35        android:usesCleartextTraffic="true" >
35-->src\main\AndroidManifest.xml:13:9-44
36        <activity
36-->src\main\AndroidManifest.xml:14:9-24:20
37            android:name="com.example.devops.MainActivity"
37-->src\main\AndroidManifest.xml:15:13-41
38            android:exported="true" >
38-->src\main\AndroidManifest.xml:16:13-36
39            <intent-filter>
39-->src\main\AndroidManifest.xml:17:13-21:29
40                <action android:name="android.intent.action.MAIN" />
40-->src\main\AndroidManifest.xml:18:17-69
40-->src\main\AndroidManifest.xml:18:25-66
41                <action android:name="android.intent.action.SEARCH" />
41-->src\main\AndroidManifest.xml:19:17-71
41-->src\main\AndroidManifest.xml:19:25-68
42
43                <category android:name="android.intent.category.LAUNCHER" />
43-->src\main\AndroidManifest.xml:20:17-77
43-->src\main\AndroidManifest.xml:20:27-74
44            </intent-filter>
45
46            <meta-data
46-->src\main\AndroidManifest.xml:22:13-23:53
47                android:name="android.app.searchable"
47-->src\main\AndroidManifest.xml:22:24-61
48                android:resource="@xml/searchable" />
48-->src\main\AndroidManifest.xml:23:17-51
49        </activity>
50        <activity
50-->[com.auth0.android:auth0:2.6.0] AndroidManifest.xml:25:9-29:75
51            android:name="com.auth0.android.provider.AuthenticationActivity"
51-->[com.auth0.android:auth0:2.6.0] AndroidManifest.xml:26:13-77
52            android:exported="false"
52-->[com.auth0.android:auth0:2.6.0] AndroidManifest.xml:27:13-37
53            android:launchMode="singleTask"
53-->[com.auth0.android:auth0:2.6.0] AndroidManifest.xml:28:13-44
54            android:theme="@android:style/Theme.Translucent.NoTitleBar" />
54-->[com.auth0.android:auth0:2.6.0] AndroidManifest.xml:29:13-72
55        <activity
55-->[com.auth0.android:auth0:2.6.0] AndroidManifest.xml:30:9-46:20
56            android:name="com.auth0.android.provider.RedirectActivity"
56-->[com.auth0.android:auth0:2.6.0] AndroidManifest.xml:31:13-71
57            android:exported="true" >
57-->[com.auth0.android:auth0:2.6.0] AndroidManifest.xml:32:13-36
58            <intent-filter android:autoVerify="true" >
58-->[com.auth0.android:auth0:2.6.0] AndroidManifest.xml:33:13-45:29
58-->[com.auth0.android:auth0:2.6.0] AndroidManifest.xml:34:17-42
59                <action android:name="android.intent.action.VIEW" />
59-->[com.auth0.android:auth0:2.6.0] AndroidManifest.xml:16:13-65
59-->[com.auth0.android:auth0:2.6.0] AndroidManifest.xml:16:21-62
60
61                <category android:name="android.intent.category.DEFAULT" />
61-->[com.auth0.android:auth0:2.6.0] AndroidManifest.xml:38:17-76
61-->[com.auth0.android:auth0:2.6.0] AndroidManifest.xml:38:27-73
62                <category android:name="android.intent.category.BROWSABLE" />
62-->[com.auth0.android:auth0:2.6.0] AndroidManifest.xml:18:13-74
62-->[com.auth0.android:auth0:2.6.0] AndroidManifest.xml:18:23-71
63
64                <data
64-->[com.auth0.android:auth0:2.6.0] AndroidManifest.xml:20:13-44
65                    android:host="@string/com_auth0_domain"
66                    android:pathPrefix="/android/com.example.devops/callback"
67                    android:scheme="demo" />
67-->[com.auth0.android:auth0:2.6.0] AndroidManifest.xml:20:19-41
68            </intent-filter>
69        </activity>
70
71        <service
71-->[androidx.room:room-runtime:2.3.0] AndroidManifest.xml:25:9-28:40
72            android:name="androidx.room.MultiInstanceInvalidationService"
72-->[androidx.room:room-runtime:2.3.0] AndroidManifest.xml:26:13-74
73            android:directBootAware="true"
73-->[androidx.room:room-runtime:2.3.0] AndroidManifest.xml:27:13-43
74            android:exported="false" />
74-->[androidx.room:room-runtime:2.3.0] AndroidManifest.xml:28:13-37
75
76        <provider
76-->[androidx.lifecycle:lifecycle-process:2.2.0] AndroidManifest.xml:25:9-29:43
77            android:name="androidx.lifecycle.ProcessLifecycleOwnerInitializer"
77-->[androidx.lifecycle:lifecycle-process:2.2.0] AndroidManifest.xml:26:13-79
78            android:authorities="com.example.devops.lifecycle-process"
78-->[androidx.lifecycle:lifecycle-process:2.2.0] AndroidManifest.xml:27:13-69
79            android:exported="false"
79-->[androidx.lifecycle:lifecycle-process:2.2.0] AndroidManifest.xml:28:13-37
80            android:multiprocess="true" />
80-->[androidx.lifecycle:lifecycle-process:2.2.0] AndroidManifest.xml:29:13-40
81    </application>
82
83</manifest>